


ARM Macro Assembler    Page 1 


    1 00000000                 AREA             RESET, DATA, READONLY
    2 00000000                 EXPORT           __Vectors
    3 00000000         
    4 00000000         __Vectors
    5 00000000 10001000        DCD              0x10001000  ; stack pointer val
                                                            ue when stack is em
                                                            pty
    6 00000004 00000000        DCD              Reset_Handler ; reset vector
    7 00000008         
    8 00000008                 ALIGN
    9 00000008                 AREA             mycode, CODE, READONLY
   10 00000000                 ENTRY
   11 00000000                 EXPORT           Reset_Handler
   12 00000000         
   13 00000000         Reset_Handler
   14 00000000 E59F00A4        LDR              R0, =SRC    ;R0 is ptr to ith e
                                                            lement  
   15 00000004 E59F10A4        LDR              R1, =N1
   16 00000008 E5912000        LDR              R2,[R1]     ;R2 stores number o
                                                            f elements 
   17 0000000C E59F70A0        LDR              R7, =DST
   18 00000010 E3A08000        MOV              R8,#0
   19 00000014 E1580002 
                       UP      CMP              R8,R2
   20 00000018 0A000003        BEQ              OUT
   21 0000001C E2888001        ADD              R8,#1
   22 00000020 E4909004        LDR              R9,[R0],#4
   23 00000024 E4879004        STR              R9,[R7],#4
   24 00000028 EAFFFFF9        B                UP
   25 0000002C E59F0080 
                       OUT     LDR              R0,=DST
   26 00000030 E1A01000        MOV              R1, R0      ;R1 is ptr to eleme
                                                            nt to swap  
   27 00000034 E1A03000        MOV              R3,R0       ;R3 is ptr to jth e
                                                            lement  
   28 00000038 E3A0A000        MOV              R10,#0      ;R10 is counter for
                                                             inner(j) loop  
   29 0000003C E3A0B000        MOV              R11,#0      ;R11 is counter for
                                                             OUTer(i) loop  
   30 00000040 E15B0002 
                       LOOP1   CMP              R11, R2     ;comparing i<10  
   31 00000044 0A000011        BEQ              exit
   32 00000048 E2803004        ADD              R3,R0,#4    ;sets jth ptr to A[
                                                            i+1]  
   33 0000004C E1A01000        MOV              R1,R0       ;sets swap element 
                                                            to A[i]  
   34 00000050 E28BA001        ADD              R10,R11,#1  ;j=i+1    
   35 00000054 E15A0002 
                       LOOP2   CMP              R10,R2      ;j<10  
   36 00000058 0AFFFFF3        BEQ              OUT
   37 0000005C E28AA001        ADD              R10,#1      ;j++  
   38 00000060 E4934004        LDR              R4,[R3],#4
   39 00000064 E5915000        LDR              R5,[R1]
   40 00000068 E1550004        CMP              R5,R4
   41 0000006C BAFFFFF8        BLT              LOOP2
   42 00000070 E1A01003        MOV              R1,R3
   43 00000074 E2411004        SUB              R1,#4
   44 00000078 EAFFFFF5        B                LOOP2
   45 0000007C E28BB001        ADD              R11,#1



ARM Macro Assembler    Page 2 


   46 00000080 E5904000        LDR              R4,[R0]
   47 00000084 E5915000        LDR              R5,[R1]
   48 00000088 E5814000        STR              R4,[R1]
   49 0000008C E4805004        STR              R5,[R0],#4
   50 00000090 EAFFFFEA 
                       exit    B                LOOP1
   51 00000094         
   52 00000094         
   53 00000094         
   54 00000094 EAFFFFFE 
                       STOP    B                STOP
   55 00000098         
   56 00000098 0000000A 
                       N1      DCD              0xA
   57 0000009C 00000001 
              00000002 
              00000005 
              00000003 SRC     DCD              0x1,0x2,0x5,0x3
   58 000000AC 00000000 
              00000000 
              00000000 
              00000000         AREA             mydata,DATA,READWRITE
   59 00000000 00000000 
              00000000 
              00000000 
              00000000 
              00000000 DST     DCD              0,0,0,0,0
   60 00000014                 END
Command Line: --debug --xref --diag_suppress=9931 --apcs=interwork --depend=.\o
bjects\221039012_selection_sort.d -o.\objects\221039012_selection_sort.o -IC:\K
eil_v5\ARM\RV31\INC -IC:\Keil_v5\ARM\CMSIS\Include -IC:\Keil_v5\ARM\INC\Philips
 --predefine="__EVAL SETA 1" --predefine="__UVISION_VERSION SETA 529" --list=.\
listings\221039012_selection_sort.lst ..\..\221039012_Selection_sort.asm



ARM Macro Assembler    Page 1 Alphabetic symbol ordering
Relocatable symbols

RESET 00000000

Symbol: RESET
   Definitions
      At line 1 in file ..\..\221039012_Selection_sort.asm
   Uses
      None
Comment: RESET unused
__Vectors 00000000

Symbol: __Vectors
   Definitions
      At line 4 in file ..\..\221039012_Selection_sort.asm
   Uses
      At line 2 in file ..\..\221039012_Selection_sort.asm
Comment: __Vectors used once
2 symbols



ARM Macro Assembler    Page 1 Alphabetic symbol ordering
Relocatable symbols

LOOP1 00000040

Symbol: LOOP1
   Definitions
      At line 30 in file ..\..\221039012_Selection_sort.asm
   Uses
      At line 50 in file ..\..\221039012_Selection_sort.asm
Comment: LOOP1 used once
LOOP2 00000054

Symbol: LOOP2
   Definitions
      At line 35 in file ..\..\221039012_Selection_sort.asm
   Uses
      At line 41 in file ..\..\221039012_Selection_sort.asm
      At line 44 in file ..\..\221039012_Selection_sort.asm

N1 00000098

Symbol: N1
   Definitions
      At line 56 in file ..\..\221039012_Selection_sort.asm
   Uses
      At line 15 in file ..\..\221039012_Selection_sort.asm
Comment: N1 used once
OUT 0000002C

Symbol: OUT
   Definitions
      At line 25 in file ..\..\221039012_Selection_sort.asm
   Uses
      At line 20 in file ..\..\221039012_Selection_sort.asm
      At line 36 in file ..\..\221039012_Selection_sort.asm

Reset_Handler 00000000

Symbol: Reset_Handler
   Definitions
      At line 13 in file ..\..\221039012_Selection_sort.asm
   Uses
      At line 6 in file ..\..\221039012_Selection_sort.asm
      At line 11 in file ..\..\221039012_Selection_sort.asm

SRC 0000009C

Symbol: SRC
   Definitions
      At line 57 in file ..\..\221039012_Selection_sort.asm
   Uses
      At line 14 in file ..\..\221039012_Selection_sort.asm
Comment: SRC used once
STOP 00000094

Symbol: STOP
   Definitions
      At line 54 in file ..\..\221039012_Selection_sort.asm
   Uses
      At line 54 in file ..\..\221039012_Selection_sort.asm
Comment: STOP used once



ARM Macro Assembler    Page 2 Alphabetic symbol ordering
Relocatable symbols

UP 00000014

Symbol: UP
   Definitions
      At line 19 in file ..\..\221039012_Selection_sort.asm
   Uses
      At line 24 in file ..\..\221039012_Selection_sort.asm
Comment: UP used once
exit 00000090

Symbol: exit
   Definitions
      At line 50 in file ..\..\221039012_Selection_sort.asm
   Uses
      At line 31 in file ..\..\221039012_Selection_sort.asm
Comment: exit used once
mycode 00000000

Symbol: mycode
   Definitions
      At line 9 in file ..\..\221039012_Selection_sort.asm
   Uses
      None
Comment: mycode unused
10 symbols



ARM Macro Assembler    Page 1 Alphabetic symbol ordering
Relocatable symbols

DST 00000000

Symbol: DST
   Definitions
      At line 59 in file ..\..\221039012_Selection_sort.asm
   Uses
      At line 17 in file ..\..\221039012_Selection_sort.asm
      At line 25 in file ..\..\221039012_Selection_sort.asm

mydata 00000000

Symbol: mydata
   Definitions
      At line 58 in file ..\..\221039012_Selection_sort.asm
   Uses
      None
Comment: mydata unused
2 symbols
348 symbols in table
